2026-07-07 14:15:15 [ru.sheraAn.Main.main()] INFO  o.f.c.i.license.VersionPrinter - Flyway Community Edition 9.22.3 by Redgate
2026-07-07 14:15:15 [ru.sheraAn.Main.main()] INFO  o.f.c.i.license.VersionPrinter - See release notes here: https://rd.gt/416ObMi
2026-07-07 14:15:15 [ru.sheraAn.Main.main()] INFO  o.f.c.i.license.VersionPrinter - 
2026-07-07 14:15:16 [ru.sheraAn.Main.main()] INFO  org.flywaydb.core.FlywayExecutor - Database: jdbc:postgresql://localhost:5433/weather_bot (PostgreSQL 15.18)
2026-07-07 14:15:16 [ru.sheraAn.Main.main()] INFO  o.f.core.internal.command.DbValidate - Successfully validated 2 migrations (execution time 00:00.034s)
2026-07-07 14:15:16 [ru.sheraAn.Main.main()] INFO  o.f.core.internal.command.DbMigrate - Current version of schema "public": 2
2026-07-07 14:15:16 [ru.sheraAn.Main.main()] INFO  o.f.core.internal.command.DbMigrate - Schema "public" is up to date. No migration necessary.
2026-07-07 14:17:41 [ru.sheraAn.Main.main()] INFO  o.f.c.i.license.VersionPrinter - Flyway Community Edition 9.22.3 by Redgate
2026-07-07 14:17:41 [ru.sheraAn.Main.main()] INFO  o.f.c.i.license.VersionPrinter - See release notes here: https://rd.gt/416ObMi
2026-07-07 14:17:41 [ru.sheraAn.Main.main()] INFO  o.f.c.i.license.VersionPrinter - 
2026-07-07 14:17:41 [ru.sheraAn.Main.main()] INFO  org.flywaydb.core.FlywayExecutor - Database: jdbc:postgresql://localhost:5433/weather_bot (PostgreSQL 15.18)
2026-07-07 14:17:41 [ru.sheraAn.Main.main()] INFO  o.f.core.internal.command.DbValidate - Successfully validated 2 migrations (execution time 00:00.017s)
2026-07-07 14:17:41 [ru.sheraAn.Main.main()] INFO  o.f.core.internal.command.DbMigrate - Current version of schema "public": 2
2026-07-07 14:17:41 [ru.sheraAn.Main.main()] INFO  o.f.core.internal.command.DbMigrate - Schema "public" is up to date. No migration necessary.
2026-07-07 14:17:44 [ru.sheraAn.Main.main()] ERROR ru.sheraAn.Main - Ошибка запуска бота:
org.telegram.telegrambots.meta.exceptions.TelegramApiRequestException: Error removing old webhook
	at org.telegram.telegrambots.util.WebhookUtils.clearWebhook(WebhookUtils.java:113)
	at org.telegram.telegrambots.bots.TelegramLongPollingBot.clearWebhook(TelegramLongPollingBot.java:41)
	at org.telegram.telegrambots.meta.TelegramBotsApi.registerBot(TelegramBotsApi.java:65)
	at ru.sheraAn.Main.main(Main.java:33)
	at org.codehaus.mojo.exec.ExecJavaMojo.doMain(ExecJavaMojo.java:375)
	at org.codehaus.mojo.exec.ExecJavaMojo.doExec(ExecJavaMojo.java:364)
	at org.codehaus.mojo.exec.ExecJavaMojo.lambda$execute$0(ExecJavaMojo.java:286)
	at java.base/java.lang.Thread.run(Thread.java:842)
Caused by: org.telegram.telegrambots.meta.exceptions.TelegramApiException: Unable to execute deleteWebhook method
	at org.telegram.telegrambots.bots.DefaultAbsSender.sendApiMethod(DefaultAbsSender.java:1184)
	at org.telegram.telegrambots.meta.bots.AbsSender.execute(AbsSender.java:61)
	at org.telegram.telegrambots.util.WebhookUtils.clearWebhook(WebhookUtils.java:108)
	... 7 common frames omitted
Caused by: java.net.SocketException: Connection reset
	at java.base/sun.nio.ch.NioSocketImpl.implRead(NioSocketImpl.java:328)
	at java.base/sun.nio.ch.NioSocketImpl.read(NioSocketImpl.java:355)
	at java.base/sun.nio.ch.NioSocketImpl$1.read(NioSocketImpl.java:808)
	at java.base/java.net.Socket$SocketInputStream.read(Socket.java:966)
	at java.base/sun.security.ssl.SSLSocketInputRecord.read(SSLSocketInputRecord.java:484)
	at java.base/sun.security.ssl.SSLSocketInputRecord.readHeader(SSLSocketInputRecord.java:478)
	at java.base/sun.security.ssl.SSLSocketInputRecord.decode(SSLSocketInputRecord.java:160)
	at java.base/sun.security.ssl.SSLTransport.decode(SSLTransport.java:111)
	at java.base/sun.security.ssl.SSLSocketImpl.decode(SSLSocketImpl.java:1506)
	at java.base/sun.security.ssl.SSLSocketImpl.readHandshakeRecord(SSLSocketImpl.java:1421)
	at java.base/sun.security.ssl.SSLSocketImpl.startHandshake(SSLSocketImpl.java:455)
	at java.base/sun.security.ssl.SSLSocketImpl.startHandshake(SSLSocketImpl.java:426)
	at org.apache.http.conn.ssl.SSLConnectionSocketFactory.createLayeredSocket(SSLConnectionSocketFactory.java:436)
	at org.apache.http.conn.ssl.SSLConnectionSocketFactory.connectSocket(SSLConnectionSocketFactory.java:384)
	at org.apache.http.impl.conn.DefaultHttpClientConnectionOperator.connect(DefaultHttpClientConnectionOperator.java:142)
	at org.apache.http.impl.conn.PoolingHttpClientConnectionManager.connect(PoolingHttpClientConnectionManager.java:376)
	at org.apache.http.impl.execchain.MainClientExec.establishRoute(MainClientExec.java:393)
	at org.apache.http.impl.execchain.MainClientExec.execute(MainClientExec.java:236)
	at org.apache.http.impl.execchain.ProtocolExec.execute(ProtocolExec.java:186)
	at org.apache.http.impl.execchain.RetryExec.execute(RetryExec.java:89)
	at org.apache.http.impl.execchain.RedirectExec.execute(RedirectExec.java:110)
	at org.apache.http.impl.client.InternalHttpClient.doExecute(InternalHttpClient.java:185)
	at org.apache.http.impl.client.CloseableHttpClient.execute(CloseableHttpClient.java:83)
	at org.telegram.telegrambots.bots.DefaultAbsSender.sendHttpPostRequest(DefaultAbsSender.java:1216)
	at org.telegram.telegrambots.bots.DefaultAbsSender.sendMethodRequest(DefaultAbsSender.java:1212)
	at org.telegram.telegrambots.bots.DefaultAbsSender.sendApiMethod(DefaultAbsSender.java:1181)
	... 9 common frames omitted
2026-07-07 14:19:20 [ru.sheraAn.Main.main()] INFO  o.f.c.i.license.VersionPrinter - Flyway Community Edition 9.22.3 by Redgate
2026-07-07 14:19:20 [ru.sheraAn.Main.main()] INFO  o.f.c.i.license.VersionPrinter - See release notes here: https://rd.gt/416ObMi
2026-07-07 14:19:20 [ru.sheraAn.Main.main()] INFO  o.f.c.i.license.VersionPrinter - 
2026-07-07 14:19:20 [ru.sheraAn.Main.main()] INFO  org.flywaydb.core.FlywayExecutor - Database: jdbc:postgresql://localhost:5433/weather_bot (PostgreSQL 15.18)
2026-07-07 14:19:20 [ru.sheraAn.Main.main()] INFO  o.f.core.internal.command.DbValidate - Successfully validated 2 migrations (execution time 00:00.019s)
2026-07-07 14:19:20 [ru.sheraAn.Main.main()] INFO  o.f.core.internal.command.DbMigrate - Current version of schema "public": 2
2026-07-07 14:19:20 [ru.sheraAn.Main.main()] INFO  o.f.core.internal.command.DbMigrate - Schema "public" is up to date. No migration necessary.
2026-07-07 14:19:21 [ru.sheraAn.Main.main()] INFO  ru.sheraAn.Main - Бот запущен!
2026-07-07 14:20:07 [Meteor Telegram Executor] INFO  bot.WeatherAlertBot - Получено сообщение: /start
2026-07-07 14:20:07 [Meteor Telegram Executor] INFO  service.UserService - Ищем пользователя с chatId: 1492488631
2026-07-07 14:20:07 [Meteor Telegram Executor] INFO  service.UserService - Пользователь найден: Светлана
2026-07-07 14:20:12 [Meteor Telegram Executor] INFO  bot.WeatherAlertBot - Получено сообщение: Погода сейчас
2026-07-07 14:20:12 [Meteor Telegram Executor] INFO  service.UserService - Ищем пользователя с chatId: 1492488631
2026-07-07 14:20:12 [Meteor Telegram Executor] INFO  service.UserService - Пользователь найден: Светлана
2026-07-07 14:20:12 [Meteor Telegram Executor] INFO  service.YandexGeocoderService - Запрос к геокодеру: https://geocode-maps.yandex.ru/v1?apikey=2b38311e-a9a6-4248-9130-b41263e6416e&geocode=%D0%A1%D0%B8%D0%B1%D0%B0%D0%B9&format=json
2026-07-07 14:20:13 [Meteor Telegram Executor] INFO  service.YandexGeocoderService - Cтатус ответа: 200
2026-07-07 14:20:13 [Meteor Telegram Executor] INFO  service.YandexGeocoderService - Тело ответа: {"response":{"GeoObjectCollection":{"metaDataProperty":{"GeocoderResponseMetaData":{"request":"Сибай","results":"10","found":"9"}},"featureMember":[{"GeoObject":{"metaDataProperty":{"GeocoderMetaData":{"precision":"other","text":"Россия, Республика Башкортостан, Сибай","kind":"locality","Address":{"country_code":"RU","formatted":"Россия, Республика Башкортостан, Сибай","Components":[{"kind":"country","name":"Россия"},{"kind":"province","name":"Приволжский федеральный округ"},{"kind":"province","name":"Республика Башкортостан"},{"kind":"area","name":"городской округ Сибай"},{"kind":"locality","name":"Сибай"}]},"AddressDetails":{"Country":{"AddressLine":"Россия, Республика Башкортостан, Сибай","CountryNameCode":"RU","CountryName":"Россия","AdministrativeArea":{"AdministrativeAreaName":"Республика Башкортостан","SubAdministrativeArea":{"SubAdministrativeAreaName":"городской округ Сибай","Locality":{"LocalityName":"Сибай"}}}}}}},"name":"Сибай","description":"Республика Башкортостан, Россия","boundedBy":{"Envelope":{"lowerCorner":"58.584053 52.664166","upperCorner":"58.794098 52.953371"}},"uri":"ymapsbm1://geo?data=Cgg1MzA3MjIzNRJH0KDQvtGB0YHQuNGPLCDQoNC10YHQv9GD0LHQu9C40LrQsCDQkdCw0YjQutC-0YDRgtC-0YHRgtCw0L0sINCh0LjQsdCw0LkiCg2jqWpCFa3hUkI,","Point":{"pos":"58.665665 52.72039"}}},{"GeoObject":{"metaDataProperty":{"GeocoderMetaData":{"precision":"other","text":"Россия, Республика Башкортостан, Баймакский район, Сибайский сельсовет, село Старый Сибай","kind":"locality","Address":{"country_code":"RU","formatted":"Россия, Республика Башкортостан, Баймакский район, Сибайский сельсовет, село Старый Сибай","Components":[{"kind":"country","name":"Россия"},{"kind":"province","name":"Приволжский федеральный округ"},{"kind":"province","name":"Республика Башкортостан"},{"kind":"area","name":"Баймакский район"},{"kind":"area","name":"Сибайский сельсовет"},{"kind":"locality","name":"село Старый Сибай"}]},"AddressDetails":{"Country":{"AddressLine":"Россия, Республика Башкортостан, Баймакский район, Сибайский сельсовет, село Старый Сибай","CountryNameCode":"RU","CountryName":"Россия","AdministrativeArea":{"AdministrativeAreaName":"Республика Башкортостан","SubAdministrativeArea":{"SubAdministrativeAreaName":"Баймакский район","Locality":{"LocalityName":"село Старый Сибай"}}}}}}},"name":"село Старый Сибай","description":"Сибайский сельсовет, Баймакский район, Республика Башкортостан, Россия","boundedBy":{"Envelope":{"lowerCorner":"58.537152 52.676917","upperCorner":"58.617444 52.721623"}},"uri":"ymapsbm1://geo?data=Cgg1MzA3MjIzMxKlAdCg0L7RgdGB0LjRjywg0KDQtdGB0L_Rg9Cx0LvQuNC60LAg0JHQsNGI0LrQvtGA0YLQvtGB0YLQsNC9LCDQkdCw0LnQvNCw0LrRgdC60LjQuSDRgNCw0LnQvtC9LCDQodC40LHQsNC50YHQutC40Lkg0YHQtdC70YzRgdC-0LLQtdGCLCDRgdC10LvQviDQodGC0LDRgNGL0Lkg0KHQuNCx0LDQuSIKDThJakIVxdNSQg,,","Point":{"pos":"58.571504 52.706806"}}},{"GeoObject":{"metaDataProperty":{"GeocoderMetaData":{"precision":"other","text":"Россия, Южно-Уральская железная дорога, станция Сибай","kind":"railway_station","Address":{"country_code":"RU","formatted":"Россия, Южно-Уральская железная дорога, станция Сибай","Components":[{"kind":"country","name":"Россия"},{"kind":"route","name":"Южно-Уральская железная дорога"},{"kind":"railway_station","name":"станция Сибай"}]},"AddressDetails":{"Country":{"AddressLine":"Россия, Южно-Уральская железная дорога, станция Сибай","CountryNameCode":"RU","CountryName":"Россия","Country":{"Locality":{}}}}}},"name":"станция Сибай","description":"Южно-Уральская железная дорога, Россия","boundedBy":{"Envelope":{"lowerCorner":"58.641411 52.714591","upperCorner":"58.657868 52.724584"}},"uri":"ymapsbm1://geo?data=CgkxMDAwOTA1NzgSYtCg0L7RgdGB0LjRjywg0K7QttC90L4t0KPRgNCw0LvRjNGB0LrQsNGPINC20LXQu9C10LfQvdCw0Y8g0LTQvtGA0L7Qs9CwLCDRgdGC0LDQvdGG0LjRjyDQodC40LHQsNC5IgoNO5lqQhXc4FJC","Point":{"pos":"58.649639 52.719588"}}},{"GeoObject":{"metaDataProperty":{"GeocoderMetaData":{"precision":"other","text":"Россия, Республика Башкортостан, Баймакский район, аэропорт Сибай","kind":"airport","Address":{"country_code":"RU","formatted":"Россия, Республика Башкортостан, Баймакский район, аэропорт Сибай","Components":[{"kind":"country","name":"Россия"},{"kind":"province","name":"Приволжский федеральный округ"},{"kind":"province","name":"Республика Башкортостан"},{"kind":"area","name":"Баймакский район"},{"kind":"airport","name":"аэропорт Сибай"}]},"AddressDetails":{"Country":{"AddressLine":"Россия, Республика Башкортостан, Баймакский район, аэропорт Сибай","CountryNameCode":"RU","CountryName":"Россия","AdministrativeArea":{"AdministrativeAreaName":"Республика Башкортостан","SubAdministrativeArea":{"SubAdministrativeAreaName":"Баймакский район","Locality":{"DependentLocality":{"DependentLocalityName":"аэропорт Сибай"}}}}}}}},"name":"аэропорт Сибай","description":"Баймакский район, Республика Башкортостан, Россия","boundedBy":{"Envelope":{"lowerCorner":"58.700062 52.679412","upperCorner":"58.721172 52.700978"}},"uri":"ymapsbm1://geo?data=CgoxNjE5NDA3OTM5EnnQoNC-0YHRgdC40Y8sINCg0LXRgdC_0YPQsdC70LjQutCwINCR0LDRiNC60L7RgNGC0L7RgdGC0LDQvSwg0JHQsNC50LzQsNC60YHQutC40Lkg0YDQsNC50L7QvSwg0LDRjdGA0L7Qv9C-0YDRgiDQodC40LHQsNC5IgoNpc1qQhWWwFJC","Point":{"pos":"58.700825 52.688076"}}},{"GeoObject":{"metaDataProperty":{"GeocoderMetaData":{"precision":"street","text":"Россия, Республика Татарстан (Татарстан), Казань, улица Сибай","kind":"street","Address":{"country_code":"RU","formatted":"Россия, Республика Татарстан (Татарстан), Казань, улица Сибай","Components":[{"kind":"country","name":"Россия"},{"kind":"province","name":"Приволжский федеральный округ"},{"kind":"province","name":"Республика Татарстан (Татарстан)"},{"kind":"area","name":"городской округ Казань"},{"kind":"locality","name":"Казань"},{"kind":"street","name":"улица Сибай"}]},"AddressDetails":{"Country":{"AddressLine":"Россия, Республика Татарстан (Татарстан), Казань, улица Сибай","CountryNameCode":"RU","CountryName":"Россия","AdministrativeArea":{"AdministrativeAreaName":"Республика Татарстан (Татарстан)","SubAdministrativeArea":{"SubAdministrativeAreaName":"городской округ Казань","Locality":{"LocalityName":"Казань","Thoroughfare":{"ThoroughfareName":"улица Сибай"}}}}}}}},"name":"улица Сибай","description":"Казань, Республика Татарстан (Татарстан), Россия","boundedBy":{"Envelope":{"lowerCorner":"49.127345 55.677697","upperCorner":"49.131531 55.678382"}},"uri":"ymapsbm1://geo?data=CggyMzk5MjQ5NBJv0KDQvtGB0YHQuNGPLCDQoNC10YHQv9GD0LHQu9C40LrQsCDQotCw0YLQsNGA0YHRgtCw0L0gKNCi0LDRgtCw0YDRgdGC0LDQvSksINCa0LDQt9Cw0L3RjCwg0YPQu9C40YbQsCDQodC40LHQsNC5IgoNioREQhVRtl5C","Point":{"pos":"49.129438 55.678042"}}},{"GeoObject":{"metaDataProperty":{"GeocoderMetaData":{"precision":"street","text":"Россия, Республика Башкортостан, 80Н-045","kind":"street","Address":{"country_code":"RU","formatted":"Россия, Республика Башкортостан, 80Н-045","Components":[{"kind":"country","name":"Россия"},{"kind":"province","name":"Приволжский федеральный округ"},{"kind":"province","name":"Республика Башкортостан"},{"kind":"street","name":"80Н-045"}]},"AddressDetails":{"Country":{"AddressLine":"Россия, Республика Башкортостан, 80Н-045","CountryNameCode":"RU","CountryName":"Россия","AdministrativeArea":{"AdministrativeAreaName":"Республика Башкортостан","Locality":{"Thoroughfare":{"ThoroughfareName":"80Н-045"}}}}}}},"name":"80Н-045","description":"Республика Башкортостан, Россия","boundedBy":{"Envelope":{"lowerCorner":"58.419311 52.753814","upperCorner":"58.646208 53.045286"}},"uri":"ymapsbm1://geo?data=Cgo2NzU0NDY1MjQ0EkXQoNC-0YHRgdC40Y8sINCg0LXRgdC_0YPQsdC70LjQutCwINCR0LDRiNC60L7RgNGC0L7RgdGC0LDQvSwgODDQnS0wNDUiCg1ABWpCFX2CU0I,","Point":{"pos":"58.505127 52.877432"}}},{"GeoObject":{"metaDataProperty":{"GeocoderMetaData":{"precision":"street","text":"Россия, Челябинская область, 75К-005","kind":"street","Address":{"country_code":"RU","formatted":"Россия, Челябинская область, 75К-005","Components":[{"kind":"country","name":"Россия"},{"kind":"province","name":"Уральский федеральный округ"},{"kind":"province","name":"Челябинская область"},{"kind":"street","name":"75К-005"}]},"AddressDetails":{"Country":{"AddressLine":"Россия, Челябинская область, 75К-005","CountryNameCode":"RU","CountryName":"Россия","AdministrativeArea":{"AdministrativeAreaName":"Челябинская область","Locality":{"Thoroughfare":{"ThoroughfareName":"75К-005"}}}}}}},"name":"75К-005","description":"Челябинская область, Россия","boundedBy":{"Envelope":{"lowerCorner":"58.792552 52.733681","upperCorner":"59.215497 53.362855"}},"uri":"ymapsbm1://geo?data=CgoxNTMzMTcwMzY1Ej3QoNC-0YHRgdC40Y8sINCn0LXQu9GP0LHQuNC90YHQutCw0Y8g0L7QsdC70LDRgdGC0YwsIDc10JotMDA1IgoNM8drQhXkVFRC","Point":{"pos":"58.944529 53.082905"}}},{"GeoObject":{"metaDataProperty":{"GeocoderMetaData":{"precision":"street","text":"Россия, Республика Башкортостан, 80Н-069","kind":"street","Address":{"country_code":"RU","formatted":"Россия, Республика Башкортостан, 80Н-069","Components":[{"kind":"country","name":"Россия"},{"kind":"province","name":"Приволжский федеральный округ"},{"kind":"province","name":"Республика Башкортостан"},{"kind":"street","name":"80Н-069"}]},"AddressDetails":{"Country":{"AddressLine":"Россия, Республика Башкортостан, 80Н-069","CountryNameCode":"RU","CountryName":"Россия","AdministrativeArea":{"AdministrativeAreaName":"Республика Башкортостан","Locality":{"Thoroughfare":{"ThoroughfareName":"80Н-069"}}}}}}},"name":"80Н-069","description":"Республика Башкортостан, Россия","boundedBy":{"Envelope":{"lowerCorner":"58.491132 52.747894","upperCorner":"58.737701 53.323083"}},"uri":"ymapsbm1://geo?data=CgoxNTM3NTgwMDY4EkXQoNC-0YHRgdC40Y8sINCg0LXRgdC_0YPQsdC70LjQutCwINCR0LDRiNC60L7RgNGC0L7RgdGC0LDQvSwgODDQnS0wNjkiCg1wcmpCFQUdVEI,","Point":{"pos":"58.611758 53.028343"}}},{"GeoObject":{"metaDataProperty":{"GeocoderMetaData":{"precision":"street","text":"Россия, Республика Башкортостан, Баймак, Сибайская улица","kind":"street","Address":{"country_code":"RU","formatted":"Россия, Республика Башкортостан, Баймак, Сибайская улица","Components":[{"kind":"country","name":"Россия"},{"kind":"province","name":"Приволжский федеральный округ"},{"kind":"province","name":"Республика Башкортостан"},{"kind":"area","name":"Баймакский район"},{"kind":"area","name":"городское поселение Баймак"},{"kind":"locality","name":"Баймак"},{"kind":"street","name":"Сибайская улица"}]},"AddressDetails":{"Country":{"AddressLine":"Россия, Республика Башкортостан, Баймак, Сибайская улица","CountryNameCode":"RU","CountryName":"Россия","AdministrativeArea":{"AdministrativeAreaName":"Республика Башкортостан","SubAdministrativeArea":{"SubAdministrativeAreaName":"Баймакский район","Locality":{"LocalityName":"Баймак","Thoroughfare":{"ThoroughfareName":"Сибайская улица"}}}}}}}},"name":"Сибайская улица","description":"Баймак, Республика Башкортостан, Россия","boundedBy":{"Envelope":{"lowerCorner":"58.29096 52.570989","upperCorner":"58.307004 52.573988"}},"uri":"ymapsbm1://geo?data=CgoyMjM3NzEzOTAzEmjQoNC-0YHRgdC40Y8sINCg0LXRgdC_0YPQsdC70LjQutCwINCR0LDRiNC60L7RgNGC0L7RgdGC0LDQvSwg0JHQsNC50LzQsNC6LCDQodC40LHQsNC50YHQutCw0Y8g0YPQu9C40YbQsCIKDSoyaUIVLkpSQg,,","Point":{"pos":"58.298991 52.572444"}}}]}}}
2026-07-07 14:20:13 [Meteor Telegram Executor] INFO  service.YandexGeocoderService - Координаты: lat= 52.72039, lon= 58.665665
2026-07-07 14:20:13 [Meteor Telegram Executor] INFO  service.OpenMeteoService - Запрос к Open-Meteo: https://api.open-meteo.com/v1/forecast?latitude=52.72039&longitude=58.665665&current=temperature_2m,relative_humidity_2m,apparent_temperature,pressure_msl,wind_speed_10m,weather_code&daily=temperature_2m_max,temperature_2m_min,weather_code,sunrise,sunset&hourly=temperature_2m,precipitation_probability&timezone=auto&forecast_days=1
2026-07-07 14:20:13 [Meteor Telegram Executor] INFO  service.OpenMeteoService - Статус ответа: 200
2026-07-07 14:20:13 [Meteor Telegram Executor] INFO  service.OpenMeteoService - Погода получена. Часов в прогнозе: 24
2026-07-07 14:20:41 [Meteor Telegram Executor] INFO  bot.WeatherAlertBot - Получено сообщение: Погода по геолокации
2026-07-07 14:20:41 [Meteor Telegram Executor] INFO  service.UserService - Ищем пользователя с chatId: 1492488631
2026-07-07 14:20:41 [Meteor Telegram Executor] INFO  service.UserService - Пользователь найден: Светлана
2026-07-07 14:20:48 [Meteor Telegram Executor] INFO  bot.WeatherAlertBot - Получена геолокация: lat= 52.725662  lon= 58.667447
2026-07-07 14:20:48 [Meteor Telegram Executor] INFO  service.OpenMeteoService - Запрос к Open-Meteo: https://api.open-meteo.com/v1/forecast?latitude=52.725662&longitude=58.667447&current=temperature_2m,relative_humidity_2m,apparent_temperature,pressure_msl,wind_speed_10m,weather_code&daily=temperature_2m_max,temperature_2m_min,weather_code,sunrise,sunset&hourly=temperature_2m,precipitation_probability&timezone=auto&forecast_days=1
2026-07-07 14:27:07 [ru.sheraAn.Main.main()] INFO  o.f.c.i.license.VersionPrinter - Flyway Community Edition 9.22.3 by Redgate
2026-07-07 14:27:07 [ru.sheraAn.Main.main()] INFO  o.f.c.i.license.VersionPrinter - See release notes here: https://rd.gt/416ObMi
2026-07-07 14:27:07 [ru.sheraAn.Main.main()] INFO  o.f.c.i.license.VersionPrinter - 
2026-07-07 14:27:07 [ru.sheraAn.Main.main()] INFO  org.flywaydb.core.FlywayExecutor - Database: jdbc:postgresql://localhost:5433/weather_bot (PostgreSQL 15.18)
2026-07-07 14:27:07 [ru.sheraAn.Main.main()] INFO  o.f.core.internal.command.DbValidate - Successfully validated 2 migrations (execution time 00:00.020s)
2026-07-07 14:27:07 [ru.sheraAn.Main.main()] INFO  o.f.core.internal.command.DbMigrate - Current version of schema "public": 2
2026-07-07 14:27:07 [ru.sheraAn.Main.main()] INFO  o.f.core.internal.command.DbMigrate - Schema "public" is up to date. No migration necessary.
2026-07-07 14:27:08 [ru.sheraAn.Main.main()] INFO  ru.sheraAn.Main - Бот запущен!
2026-07-07 14:27:29 [Meteor Telegram Executor] INFO  bot.WeatherAlertBot - Получено сообщение: Погода по геолокации
2026-07-07 14:27:29 [Meteor Telegram Executor] INFO  service.UserService - Ищем пользователя с chatId: 483142709
2026-07-07 14:27:29 [Meteor Telegram Executor] INFO  service.UserService - Пользователь найден: Антон
2026-07-07 14:27:48 [Meteor Telegram Executor] INFO  bot.WeatherAlertBot - Получена геолокация: lat=52.725608, lon=58.66769
2026-07-07 14:27:48 [Meteor Telegram Executor] INFO  bot.WeatherAlertBot - Запрашиваем погоду...
2026-07-07 14:27:48 [Meteor Telegram Executor] INFO  service.OpenMeteoService - Запрос к Open-Meteo: https://api.open-meteo.com/v1/forecast?latitude=52.725608&longitude=58.66769&current=temperature_2m,relative_humidity_2m,apparent_temperature,pressure_msl,wind_speed_10m,weather_code&daily=temperature_2m_max,temperature_2m_min,weather_code,sunrise,sunset&hourly=temperature_2m,precipitation_probability&timezone=auto&forecast_days=1
2026-07-07 14:27:48 [Meteor Telegram Executor] INFO  service.OpenMeteoService - Статус ответа: 200
2026-07-07 14:27:48 [Meteor Telegram Executor] INFO  service.OpenMeteoService - Погода получена. Часов в прогнозе: 24
2026-07-07 14:27:48 [Meteor Telegram Executor] INFO  bot.WeatherAlertBot - Погода получена, response: не null
2026-07-07 14:27:48 [Meteor Telegram Executor] INFO  bot.WeatherAlertBot - Определяем город...
2026-07-07 14:27:49 [Meteor Telegram Executor] INFO  bot.WeatherAlertBot - Город определён: Россия, Республика Башкортостан, Сибай, улица Ленина, 46
2026-07-07 14:27:49 [Meteor Telegram Executor] INFO  bot.WeatherAlertBot - Форматируем сообщение...
2026-07-07 14:27:49 [Meteor Telegram Executor] INFO  bot.WeatherAlertBot - Сообщение сформировано
2026-07-07 14:27:49 [Meteor Telegram Executor] INFO  bot.WeatherAlertBot - Отправляем сообщение...
2026-07-07 14:27:49 [Meteor Telegram Executor] INFO  bot.WeatherAlertBot - Сообщение отправлено
2026-07-07 14:27:58 [Meteor Telegram Executor] INFO  bot.WeatherAlertBot - Получена геолокация: lat=52.725662, lon=58.667447
2026-07-07 14:27:58 [Meteor Telegram Executor] INFO  bot.WeatherAlertBot - Запрашиваем погоду...
2026-07-07 14:27:58 [Meteor Telegram Executor] INFO  service.OpenMeteoService - Запрос к Open-Meteo: https://api.open-meteo.com/v1/forecast?latitude=52.725662&longitude=58.667447&current=temperature_2m,relative_humidity_2m,apparent_temperature,pressure_msl,wind_speed_10m,weather_code&daily=temperature_2m_max,temperature_2m_min,weather_code,sunrise,sunset&hourly=temperature_2m,precipitation_probability&timezone=auto&forecast_days=1
2026-07-07 14:27:58 [Meteor Telegram Executor] INFO  service.OpenMeteoService - Статус ответа: 200
2026-07-07 14:27:58 [Meteor Telegram Executor] INFO  service.OpenMeteoService - Погода получена. Часов в прогнозе: 24
2026-07-07 14:27:58 [Meteor Telegram Executor] INFO  bot.WeatherAlertBot - Погода получена, response: не null
2026-07-07 14:27:58 [Meteor Telegram Executor] INFO  bot.WeatherAlertBot - Определяем город...
2026-07-07 14:27:58 [Meteor Telegram Executor] INFO  bot.WeatherAlertBot - Город определён: Россия, Республика Башкортостан, Сибай, улица Ленина, 46
2026-07-07 14:27:58 [Meteor Telegram Executor] INFO  bot.WeatherAlertBot - Форматируем сообщение...
2026-07-07 14:27:58 [Meteor Telegram Executor] INFO  bot.WeatherAlertBot - Сообщение сформировано
2026-07-07 14:27:58 [Meteor Telegram Executor] INFO  bot.WeatherAlertBot - Отправляем сообщение...
2026-07-07 14:27:58 [Meteor Telegram Executor] INFO  bot.WeatherAlertBot - Сообщение отправлено
2026-07-07 14:28:09 [Meteor Telegram Executor] INFO  bot.WeatherAlertBot - Получено сообщение: Прогноз
2026-07-07 14:28:09 [Meteor Telegram Executor] INFO  service.UserService - Ищем пользователя с chatId: 1492488631
2026-07-07 14:28:09 [Meteor Telegram Executor] INFO  service.UserService - Пользователь найден: Светлана
2026-07-07 14:28:12 [Meteor Telegram Executor] INFO  bot.WeatherAlertBot - Получено сообщение: На неделю
2026-07-07 14:28:12 [Meteor Telegram Executor] INFO  service.UserService - Ищем пользователя с chatId: 1492488631
2026-07-07 14:28:12 [Meteor Telegram Executor] INFO  service.UserService - Пользователь найден: Светлана
2026-07-07 14:28:12 [Meteor Telegram Executor] INFO  service.YandexGeocoderService - Запрос к геокодеру: https://geocode-maps.yandex.ru/v1?apikey=2b38311e-a9a6-4248-9130-b41263e6416e&geocode=%D0%A1%D0%B8%D0%B1%D0%B0%D0%B9&format=json
2026-07-07 14:28:12 [Meteor Telegram Executor] INFO  service.YandexGeocoderService - Cтатус ответа: 200
2026-07-07 14:28:12 [Meteor Telegram Executor] INFO  service.YandexGeocoderService - Тело ответа: {"response":{"GeoObjectCollection":{"metaDataProperty":{"GeocoderResponseMetaData":{"request":"Сибай","results":"10","found":"9"}},"featureMember":[{"GeoObject":{"metaDataProperty":{"GeocoderMetaData":{"precision":"other","text":"Россия, Республика Башкортостан, Сибай","kind":"locality","Address":{"country_code":"RU","formatted":"Россия, Республика Башкортостан, Сибай","Components":[{"kind":"country","name":"Россия"},{"kind":"province","name":"Приволжский федеральный округ"},{"kind":"province","name":"Республика Башкортостан"},{"kind":"area","name":"городской округ Сибай"},{"kind":"locality","name":"Сибай"}]},"AddressDetails":{"Country":{"AddressLine":"Россия, Республика Башкортостан, Сибай","CountryNameCode":"RU","CountryName":"Россия","AdministrativeArea":{"AdministrativeAreaName":"Республика Башкортостан","SubAdministrativeArea":{"SubAdministrativeAreaName":"городской округ Сибай","Locality":{"LocalityName":"Сибай"}}}}}}},"name":"Сибай","description":"Республика Башкортостан, Россия","boundedBy":{"Envelope":{"lowerCorner":"58.584053 52.664166","upperCorner":"58.794098 52.953371"}},"uri":"ymapsbm1://geo?data=Cgg1MzA3MjIzNRJH0KDQvtGB0YHQuNGPLCDQoNC10YHQv9GD0LHQu9C40LrQsCDQkdCw0YjQutC-0YDRgtC-0YHRgtCw0L0sINCh0LjQsdCw0LkiCg2jqWpCFa3hUkI,","Point":{"pos":"58.665665 52.72039"}}},{"GeoObject":{"metaDataProperty":{"GeocoderMetaData":{"precision":"other","text":"Россия, Республика Башкортостан, Баймакский район, Сибайский сельсовет, село Старый Сибай","kind":"locality","Address":{"country_code":"RU","formatted":"Россия, Республика Башкортостан, Баймакский район, Сибайский сельсовет, село Старый Сибай","Components":[{"kind":"country","name":"Россия"},{"kind":"province","name":"Приволжский федеральный округ"},{"kind":"province","name":"Республика Башкортостан"},{"kind":"area","name":"Баймакский район"},{"kind":"area","name":"Сибайский сельсовет"},{"kind":"locality","name":"село Старый Сибай"}]},"AddressDetails":{"Country":{"AddressLine":"Россия, Республика Башкортостан, Баймакский район, Сибайский сельсовет, село Старый Сибай","CountryNameCode":"RU","CountryName":"Россия","AdministrativeArea":{"AdministrativeAreaName":"Республика Башкортостан","SubAdministrativeArea":{"SubAdministrativeAreaName":"Баймакский район","Locality":{"LocalityName":"село Старый Сибай"}}}}}}},"name":"село Старый Сибай","description":"Сибайский сельсовет, Баймакский район, Республика Башкортостан, Россия","boundedBy":{"Envelope":{"lowerCorner":"58.537152 52.676917","upperCorner":"58.617444 52.721623"}},"uri":"ymapsbm1://geo?data=Cgg1MzA3MjIzMxKlAdCg0L7RgdGB0LjRjywg0KDQtdGB0L_Rg9Cx0LvQuNC60LAg0JHQsNGI0LrQvtGA0YLQvtGB0YLQsNC9LCDQkdCw0LnQvNCw0LrRgdC60LjQuSDRgNCw0LnQvtC9LCDQodC40LHQsNC50YHQutC40Lkg0YHQtdC70YzRgdC-0LLQtdGCLCDRgdC10LvQviDQodGC0LDRgNGL0Lkg0KHQuNCx0LDQuSIKDThJakIVxdNSQg,,","Point":{"pos":"58.571504 52.706806"}}},{"GeoObject":{"metaDataProperty":{"GeocoderMetaData":{"precision":"other","text":"Россия, Южно-Уральская железная дорога, станция Сибай","kind":"railway_station","Address":{"country_code":"RU","formatted":"Россия, Южно-Уральская железная дорога, станция Сибай","Components":[{"kind":"country","name":"Россия"},{"kind":"route","name":"Южно-Уральская железная дорога"},{"kind":"railway_station","name":"станция Сибай"}]},"AddressDetails":{"Country":{"AddressLine":"Россия, Южно-Уральская железная дорога, станция Сибай","CountryNameCode":"RU","CountryName":"Россия","Country":{"Locality":{}}}}}},"name":"станция Сибай","description":"Южно-Уральская железная дорога, Россия","boundedBy":{"Envelope":{"lowerCorner":"58.641411 52.714591","upperCorner":"58.657868 52.724584"}},"uri":"ymapsbm1://geo?data=CgkxMDAwOTA1NzgSYtCg0L7RgdGB0LjRjywg0K7QttC90L4t0KPRgNCw0LvRjNGB0LrQsNGPINC20LXQu9C10LfQvdCw0Y8g0LTQvtGA0L7Qs9CwLCDRgdGC0LDQvdGG0LjRjyDQodC40LHQsNC5IgoNO5lqQhXc4FJC","Point":{"pos":"58.649639 52.719588"}}},{"GeoObject":{"metaDataProperty":{"GeocoderMetaData":{"precision":"other","text":"Россия, Республика Башкортостан, Баймакский район, аэропорт Сибай","kind":"airport","Address":{"country_code":"RU","formatted":"Россия, Республика Башкортостан, Баймакский район, аэропорт Сибай","Components":[{"kind":"country","name":"Россия"},{"kind":"province","name":"Приволжский федеральный округ"},{"kind":"province","name":"Республика Башкортостан"},{"kind":"area","name":"Баймакский район"},{"kind":"airport","name":"аэропорт Сибай"}]},"AddressDetails":{"Country":{"AddressLine":"Россия, Республика Башкортостан, Баймакский район, аэропорт Сибай","CountryNameCode":"RU","CountryName":"Россия","AdministrativeArea":{"AdministrativeAreaName":"Республика Башкортостан","SubAdministrativeArea":{"SubAdministrativeAreaName":"Баймакский район","Locality":{"DependentLocality":{"DependentLocalityName":"аэропорт Сибай"}}}}}}}},"name":"аэропорт Сибай","description":"Баймакский район, Республика Башкортостан, Россия","boundedBy":{"Envelope":{"lowerCorner":"58.700062 52.679412","upperCorner":"58.721172 52.700978"}},"uri":"ymapsbm1://geo?data=CgoxNjE5NDA3OTM5EnnQoNC-0YHRgdC40Y8sINCg0LXRgdC_0YPQsdC70LjQutCwINCR0LDRiNC60L7RgNGC0L7RgdGC0LDQvSwg0JHQsNC50LzQsNC60YHQutC40Lkg0YDQsNC50L7QvSwg0LDRjdGA0L7Qv9C-0YDRgiDQodC40LHQsNC5IgoNpc1qQhWWwFJC","Point":{"pos":"58.700825 52.688076"}}},{"GeoObject":{"metaDataProperty":{"GeocoderMetaData":{"precision":"street","text":"Россия, Республика Татарстан (Татарстан), Казань, улица Сибай","kind":"street","Address":{"country_code":"RU","formatted":"Россия, Республика Татарстан (Татарстан), Казань, улица Сибай","Components":[{"kind":"country","name":"Россия"},{"kind":"province","name":"Приволжский федеральный округ"},{"kind":"province","name":"Республика Татарстан (Татарстан)"},{"kind":"area","name":"городской округ Казань"},{"kind":"locality","name":"Казань"},{"kind":"street","name":"улица Сибай"}]},"AddressDetails":{"Country":{"AddressLine":"Россия, Республика Татарстан (Татарстан), Казань, улица Сибай","CountryNameCode":"RU","CountryName":"Россия","AdministrativeArea":{"AdministrativeAreaName":"Республика Татарстан (Татарстан)","SubAdministrativeArea":{"SubAdministrativeAreaName":"городской округ Казань","Locality":{"LocalityName":"Казань","Thoroughfare":{"ThoroughfareName":"улица Сибай"}}}}}}}},"name":"улица Сибай","description":"Казань, Республика Татарстан (Татарстан), Россия","boundedBy":{"Envelope":{"lowerCorner":"49.127345 55.677697","upperCorner":"49.131531 55.678382"}},"uri":"ymapsbm1://geo?data=CggyMzk5MjQ5NBJv0KDQvtGB0YHQuNGPLCDQoNC10YHQv9GD0LHQu9C40LrQsCDQotCw0YLQsNGA0YHRgtCw0L0gKNCi0LDRgtCw0YDRgdGC0LDQvSksINCa0LDQt9Cw0L3RjCwg0YPQu9C40YbQsCDQodC40LHQsNC5IgoNioREQhVRtl5C","Point":{"pos":"49.129438 55.678042"}}},{"GeoObject":{"metaDataProperty":{"GeocoderMetaData":{"precision":"street","text":"Россия, Республика Башкортостан, 80Н-045","kind":"street","Address":{"country_code":"RU","formatted":"Россия, Республика Башкортостан, 80Н-045","Components":[{"kind":"country","name":"Россия"},{"kind":"province","name":"Приволжский федеральный округ"},{"kind":"province","name":"Республика Башкортостан"},{"kind":"street","name":"80Н-045"}]},"AddressDetails":{"Country":{"AddressLine":"Россия, Республика Башкортостан, 80Н-045","CountryNameCode":"RU","CountryName":"Россия","AdministrativeArea":{"AdministrativeAreaName":"Республика Башкортостан","Locality":{"Thoroughfare":{"ThoroughfareName":"80Н-045"}}}}}}},"name":"80Н-045","description":"Республика Башкортостан, Россия","boundedBy":{"Envelope":{"lowerCorner":"58.419311 52.753814","upperCorner":"58.646208 53.045286"}},"uri":"ymapsbm1://geo?data=Cgo2NzU0NDY1MjQ0EkXQoNC-0YHRgdC40Y8sINCg0LXRgdC_0YPQsdC70LjQutCwINCR0LDRiNC60L7RgNGC0L7RgdGC0LDQvSwgODDQnS0wNDUiCg1ABWpCFX2CU0I,","Point":{"pos":"58.505127 52.877432"}}},{"GeoObject":{"metaDataProperty":{"GeocoderMetaData":{"precision":"street","text":"Россия, Челябинская область, 75К-005","kind":"street","Address":{"country_code":"RU","formatted":"Россия, Челябинская область, 75К-005","Components":[{"kind":"country","name":"Россия"},{"kind":"province","name":"Уральский федеральный округ"},{"kind":"province","name":"Челябинская область"},{"kind":"street","name":"75К-005"}]},"AddressDetails":{"Country":{"AddressLine":"Россия, Челябинская область, 75К-005","CountryNameCode":"RU","CountryName":"Россия","AdministrativeArea":{"AdministrativeAreaName":"Челябинская область","Locality":{"Thoroughfare":{"ThoroughfareName":"75К-005"}}}}}}},"name":"75К-005","description":"Челябинская область, Россия","boundedBy":{"Envelope":{"lowerCorner":"58.792552 52.733681","upperCorner":"59.215497 53.362855"}},"uri":"ymapsbm1://geo?data=CgoxNTMzMTcwMzY1Ej3QoNC-0YHRgdC40Y8sINCn0LXQu9GP0LHQuNC90YHQutCw0Y8g0L7QsdC70LDRgdGC0YwsIDc10JotMDA1IgoNM8drQhXkVFRC","Point":{"pos":"58.944529 53.082905"}}},{"GeoObject":{"metaDataProperty":{"GeocoderMetaData":{"precision":"street","text":"Россия, Республика Башкортостан, 80Н-069","kind":"street","Address":{"country_code":"RU","formatted":"Россия, Республика Башкортостан, 80Н-069","Components":[{"kind":"country","name":"Россия"},{"kind":"province","name":"Приволжский федеральный округ"},{"kind":"province","name":"Республика Башкортостан"},{"kind":"street","name":"80Н-069"}]},"AddressDetails":{"Country":{"AddressLine":"Россия, Республика Башкортостан, 80Н-069","CountryNameCode":"RU","CountryName":"Россия","AdministrativeArea":{"AdministrativeAreaName":"Республика Башкортостан","Locality":{"Thoroughfare":{"ThoroughfareName":"80Н-069"}}}}}}},"name":"80Н-069","description":"Республика Башкортостан, Россия","boundedBy":{"Envelope":{"lowerCorner":"58.491132 52.747894","upperCorner":"58.737701 53.323083"}},"uri":"ymapsbm1://geo?data=CgoxNTM3NTgwMDY4EkXQoNC-0YHRgdC40Y8sINCg0LXRgdC_0YPQsdC70LjQutCwINCR0LDRiNC60L7RgNGC0L7RgdGC0LDQvSwgODDQnS0wNjkiCg1wcmpCFQUdVEI,","Point":{"pos":"58.611758 53.028343"}}},{"GeoObject":{"metaDataProperty":{"GeocoderMetaData":{"precision":"street","text":"Россия, Республика Башкортостан, Баймак, Сибайская улица","kind":"street","Address":{"country_code":"RU","formatted":"Россия, Республика Башкортостан, Баймак, Сибайская улица","Components":[{"kind":"country","name":"Россия"},{"kind":"province","name":"Приволжский федеральный округ"},{"kind":"province","name":"Республика Башкортостан"},{"kind":"area","name":"Баймакский район"},{"kind":"area","name":"городское поселение Баймак"},{"kind":"locality","name":"Баймак"},{"kind":"street","name":"Сибайская улица"}]},"AddressDetails":{"Country":{"AddressLine":"Россия, Республика Башкортостан, Баймак, Сибайская улица","CountryNameCode":"RU","CountryName":"Россия","AdministrativeArea":{"AdministrativeAreaName":"Республика Башкортостан","SubAdministrativeArea":{"SubAdministrativeAreaName":"Баймакский район","Locality":{"LocalityName":"Баймак","Thoroughfare":{"ThoroughfareName":"Сибайская улица"}}}}}}}},"name":"Сибайская улица","description":"Баймак, Республика Башкортостан, Россия","boundedBy":{"Envelope":{"lowerCorner":"58.29096 52.570989","upperCorner":"58.307004 52.573988"}},"uri":"ymapsbm1://geo?data=CgoyMjM3NzEzOTAzEmjQoNC-0YHRgdC40Y8sINCg0LXRgdC_0YPQsdC70LjQutCwINCR0LDRiNC60L7RgNGC0L7RgdGC0LDQvSwg0JHQsNC50LzQsNC6LCDQodC40LHQsNC50YHQutCw0Y8g0YPQu9C40YbQsCIKDSoyaUIVLkpSQg,,","Point":{"pos":"58.298991 52.572444"}}}]}}}
2026-07-07 14:28:12 [Meteor Telegram Executor] INFO  service.YandexGeocoderService - Координаты: lat= 52.72039, lon= 58.665665
2026-07-07 14:28:12 [Meteor Telegram Executor] INFO  service.OpenMeteoService - Запрос к Open-Meteo: https://api.open-meteo.com/v1/forecast?latitude=52.72039&longitude=58.665665&current=temperature_2m,relative_humidity_2m,apparent_temperature,pressure_msl,wind_speed_10m,weather_code&daily=temperature_2m_max,temperature_2m_min,weather_code,sunrise,sunset&hourly=temperature_2m,precipitation_probability&timezone=auto&forecast_days=7
2026-07-07 14:28:12 [Meteor Telegram Executor] INFO  service.OpenMeteoService - Статус ответа: 200
2026-07-07 14:28:12 [Meteor Telegram Executor] INFO  service.OpenMeteoService - Погода получена. Часов в прогнозе: 168
